<?xml version="1.0" encoding="UTF-8"?>
<!-- Generated by org.testng.reporters.JUnitReportReporter -->
<testsuite hostname="OracleVMw10" failures="0" tests="1" name="MainRunner.TestNgRunner" time="328.121" errors="0" timestamp="02 Oct 2023 14:24:58 GMT" skipped="0">
  <testcase classname="MainRunner.TestNgRunner" name="runScenario" time="328.121"/>
</testsuite> <!-- MainRunner.TestNgRunner -->
