<?xml version="1.0" encoding="UTF-8" ?>
<testsuite tests="1" failures="0" name="com.TestNGRunner.TestNgRunner" time="721.431" errors="0" skipped="0">
  <properties>
    <property name="JOB_NAME" value="EREQ-HistoryPage-AllStatus-Verification Script ID - 5001"/>
    <property name="java.vendor" value="Oracle Corporation"/>
    <property name="sun.java.launcher" value="SUN_STANDARD"/>
    <property name="RUN_TESTS_DISPLAY_URL" value="http://localhost:8080/job/EREQ-HistoryPage-AllStatus-Verification%20Script%20ID%20-%205001/3/display/redirect?page=tests"/>
    <property name="NUMBER_OF_PROCESSORS" value="6"/>
    <property name="sun.management.compiler" value="HotSpot 64-Bit Tiered Compilers"/>
    <property name="JENKINS_HOME" value="C:\Users\qadmin\.jenkins"/>
    <property name="FPS_BROWSER_USER_PROFILE_STRING" value="Default"/>
    <property name="HUDSON_SERVER_COOKIE" value="ec6b8fa2d3ed183d"/>
    <property name="POM_ARTIFACTID" value="VerifyingHistoryPageStatus"/>
    <property name="os.name" value="Windows 11"/>
    <property name="EXECUTOR_NUMBER" value="1"/>
    <property name="PATHEXT" value=".COM;.EXE;.BAT;.CMD;.VBS;.VBE;.JS;.JSE;.WSF;.WSH;.MSC"/>
    <property name="POM_DISPLAYNAME" value="VerifyingHistoryPageStatus"/>
    <property name="java.vm.specification.vendor" value="Oracle Corporation"/>
    <property name="TEMP" value="C:\Users\qadmin\AppData\Local\Temp"/>
    <property name="NODE_LABELS" value="built-in"/>
    <property name="java.runtime.version" value="17.0.5+9-LTS-191"/>
    <property name="FPS_BROWSER_APP_PROFILE_STRING" value="Internet Explorer"/>
    <property name="user.name" value="qadmin"/>
    <property name="guice.disable.misplaced.annotation.check" value="true"/>
    <property name="CommonProgramW6432" value="C:\Program Files\Common Files"/>
    <property name="ProgramFiles" value="C:\Program Files"/>
    <property name="PROMPT" value="$P$G"/>
    <property name="user.language" value="en"/>
    <property name="JOB_BASE_NAME" value="EREQ-HistoryPage-AllStatus-Verification Script ID - 5001"/>
    <property name="RUN_CHANGES_DISPLAY_URL" value="http://localhost:8080/job/EREQ-HistoryPage-AllStatus-Verification%20Script%20ID%20-%205001/3/display/redirect?page=changes"/>
    <property name="BUILD_DISPLAY_NAME" value="#3"/>
    <property name="OneDrive" value="C:\Users\qadmin\OneDrive"/>
    <property name="sun.boot.library.path" value="C:\Java\jdk-17.0.5\bin"/>
    <property name="java.vm.compressedOopsMode" value="Zero based"/>
    <property name="LOCALAPPDATA" value="C:\Users\qadmin\AppData\Local"/>
    <property name="java.version" value="17.0.5"/>
    <property name="user.timezone" value="America/New_York"/>
    <property name="PROCESSOR_LEVEL" value="6"/>
    <property name="USERNAME" value="qadmin"/>
    <property name="sun.arch.data.model" value="64"/>
    <property name="NODE_NAME" value="built-in"/>
    <property name="BUILD_ID" value="3"/>
    <property name="CLIENTNAME" value="QAJAWWAD"/>
    <property name="sun.cpu.isalist" value="amd64"/>
    <property name="sun.jnu.encoding" value="Cp1252"/>
    <property name="maven.conf" value="C:\Maven\apache-maven-3.8.6\conf"/>
    <property name="HOMEDRIVE" value="C:"/>
    <property name="file.separator" value="\"/>
    <property name="java.specification.name" value="Java Platform API Specification"/>
    <property name="java.class.version" value="61.0"/>
    <property name="=::" value="::\"/>
    <property name="org.slf4j.simpleLogger.defaultLogLevel" value="info"/>
    <property name="user.country" value="US"/>
    <property name="ALLUSERSPROFILE" value="C:\ProgramData"/>
    <property name="java.home" value="C:\Java\jdk-17.0.5"/>
    <property name="java.vm.info" value="mixed mode, sharing"/>
    <property name="os.version" value="10.0"/>
    <property name="RUN_DISPLAY_URL" value="http://localhost:8080/job/EREQ-HistoryPage-AllStatus-Verification%20Script%20ID%20-%205001/3/display/redirect"/>
    <property name="POM_VERSION" value="0.0.1-SNAPSHOT"/>
    <property name="TMP" value="C:\Users\qadmin\AppData\Local\Temp"/>
    <property name="path.separator" value=";"/>
    <property name="RUN_ARTIFACTS_DISPLAY_URL" value="http://localhost:8080/job/EREQ-HistoryPage-AllStatus-Verification%20Script%20ID%20-%205001/3/display/redirect?page=artifacts"/>
    <property name="java.vm.version" value="17.0.5+9-LTS-191"/>
    <property name="user.variant" value=""/>
    <property name="CommonProgramFiles(x86)" value="C:\Program Files (x86)\Common Files"/>
    <property name="JOB_DISPLAY_URL" value="http://localhost:8080/job/EREQ-HistoryPage-AllStatus-Verification%20Script%20ID%20-%205001/display/redirect"/>
    <property name="USERDOMAIN_ROAMINGPROFILE" value="QADEV"/>
    <property name="CommonProgramFiles" value="C:\Program Files\Common Files"/>
    <property name="sun.io.unicode.encoding" value="UnicodeLittle"/>
    <property name="JAVA_HOME" value="C:\Java\jdk-17.0.5"/>
    <property name="ComSpec" value="C:\Windows\system32\cmd.exe"/>
    <property name="HOMEPATH" value="\Users\qadmin"/>
    <property name="POM_PACKAGING" value="jar"/>
    <property name="COMPUTERNAME" value="QADEV"/>
    <property name="user.script" value=""/>
    <property name="POM_GROUPID" value="VerifyingHistoryPageStatus"/>
    <property name="EFC_6828" value="1"/>
    <property name="user.home" value="C:\Users\qadmin"/>
    <property name="PUBLIC" value="C:\Users\Public"/>
    <property name="BUILD_TAG" value="jenkins-EREQ-HistoryPage-AllStatus-Verification Script ID - 5001-3"/>
    <property name="JENKINS_SERVER_COOKIE" value="ec6b8fa2d3ed183d"/>
    <property name="HUDSON_URL" value="http://localhost:8080/"/>
    <property name="ProgramData" value="C:\ProgramData"/>
    <property name="java.version.date" value="2022-10-18"/>
    <property name="java.specification.vendor" value="Oracle Corporation"/>
    <property name="USERPROFILE" value="C:\Users\qadmin"/>
    <property name="CLASSPATH" value=""/>
    <property name="java.library.path" value="C:\Java\jdk-17.0.5\bin;C:\Windows\Sun\Java\bin;C:\Windows\system32;C:\Windows;C:\Maven\apache-maven-3.8.6/bin;C:\Java\jdk-17.0.5/bin;C:\Java\jdk-17.0.5/bin;C:\Windows\system32;C:\Windows;C:\Windows\System32\Wbem;C:\Windows\System32\WindowsPowerShell\v1.0\;C:\Maven\apache-maven-3.8.6\bin;C:\Java\jdk-17.0.5\bin;C:\Users\qadmin\AppData\Local\Microsoft\WindowsApps;;."/>
    <property name="java.vendor.url" value="https://java.oracle.com/"/>
    <property name="java.vm.vendor" value="Oracle Corporation"/>
    <property name="APPDATA" value="C:\Users\qadmin\AppData\Roaming"/>
    <property name="java.runtime.name" value="Java(TM) SE Runtime Environment"/>
    <property name="maven.home" value="C:\Maven\apache-maven-3.8.6"/>
    <property name="java.class.path" value="C:\Users\qadmin\.jenkins\plugins\maven-plugin\WEB-INF\lib\maven35-agent-1.14.jar;C:\Maven\apache-maven-3.8.6\boot\plexus-classworlds-2.6.0.jar;C:\Maven\apache-maven-3.8.6/conf/logging"/>
    <property name="sun.java.command" value="jenkins.maven3.agent.Maven35Main C:\Maven\apache-maven-3.8.6 C:\Users\qadmin\.jenkins\war\WEB-INF\lib\remoting-3148.v532a_7e715ee3.jar C:\Users\qadmin\.jenkins\plugins\maven-plugin\WEB-INF\lib\maven35-interceptor-1.14.jar C:\Users\qadmin\.jenkins\plugins\maven-plugin\WEB-INF\lib\maven3-interceptor-commons-1.14.jar 52330"/>
    <property name="native.encoding" value="Cp1252"/>
    <property name="Path" value="C:\Java\jdk-17.0.5/bin;C:\Windows\system32;C:\Windows;C:\Windows\System32\Wbem;C:\Windows\System32\WindowsPowerShell\v1.0\;C:\Maven\apache-maven-3.8.6\bin;C:\Java\jdk-17.0.5\bin;C:\Users\qadmin\AppData\Local\Microsoft\WindowsApps;"/>
    <property name="jdk.debug" value="release"/>
    <property name="PROCESSOR_ARCHITECTURE" value="AMD64"/>
    <property name="java.vm.specification.name" value="Java Virtual Machine Specification"/>
    <property name="jansi.mode" value="strip"/>
    <property name="PATH+JDK" value="C:\Java\jdk-17.0.5/bin"/>
    <property name="SESSIONNAME" value="RDP-Tcp#0"/>
    <property name="PROCESSOR_IDENTIFIER" value="Intel64 Family 6 Model 44 Stepping 2, GenuineIntel"/>
    <property name="java.vm.specification.version" value="17"/>
    <property name="M2_HOME" value="C:\Maven\apache-maven-3.8.6"/>
    <property name="sun.cpu.endian" value="little"/>
    <property name="sun.os.patch.level" value=""/>
    <property name="OS" value="Windows_NT"/>
    <property name="CI" value="true"/>
    <property name="java.io.tmpdir" value="C:\Users\qadmin\AppData\Local\Temp\"/>
    <property name="HUDSON_HOME" value="C:\Users\qadmin\.jenkins"/>
    <property name="PATH+MAVEN" value="C:\Maven\apache-maven-3.8.6/bin"/>
    <property name="ProgramFiles(x86)" value="C:\Program Files (x86)"/>
    <property name="java.vendor.url.bug" value="https://bugreport.java.com/bugreport/"/>
    <property name="BUILD_URL" value="http://localhost:8080/job/EREQ-HistoryPage-AllStatus-Verification%20Script%20ID%20-%205001/3/"/>
    <property name="SystemRoot" value="C:\Windows"/>
    <property name="os.arch" value="amd64"/>
    <property name="user.dir" value="C:\eRequisition_Latest_Script\VerifyingHistoryPageStatus"/>
    <property name="JOB_URL" value="http://localhost:8080/job/EREQ-HistoryPage-AllStatus-Verification%20Script%20ID%20-%205001/"/>
    <property name="LOGONSERVER" value="\\QADEV"/>
    <property name="USERDOMAIN" value="QADEV"/>
    <property name="MAVEN_HOME" value="C:\Maven\apache-maven-3.8.6"/>
    <property name="line.separator" value="
"/>
    <property name="java.vm.name" value="Java HotSpot(TM) 64-Bit Server VM"/>
    <property name="BUILD_NUMBER" value="3"/>
    <property name="PROCESSOR_REVISION" value="2c02"/>
    <property name="JENKINS_URL" value="http://localhost:8080/"/>
    <property name="ProgramW6432" value="C:\Program Files"/>
    <property name="windir" value="C:\Windows"/>
    <property name="=C:" value="C:\"/>
    <property name="file.encoding" value="Cp1252"/>
    <property name="SystemDrive" value="C:"/>
    <property name="maven3.interceptor" value="C:\Users\qadmin\.jenkins\plugins\maven-plugin\WEB-INF\lib\maven35-interceptor-1.14.jar"/>
    <property name="WORKSPACE_TMP" value="C:\Users\qadmin\.jenkins\workspace\EREQ-HistoryPage-AllStatus-Verification Script ID - 5001@tmp"/>
    <property name="WORKSPACE" value="C:\Users\qadmin\.jenkins\workspace\EREQ-HistoryPage-AllStatus-Verification Script ID - 5001"/>
    <property name="maven3.interceptor.common" value="C:\Users\qadmin\.jenkins\plugins\maven-plugin\WEB-INF\lib\maven3-interceptor-commons-1.14.jar"/>
    <property name="PSModulePath" value="C:\Program Files\WindowsPowerShell\Modules;C:\Windows\system32\WindowsPowerShell\v1.0\Modules"/>
    <property name="java.specification.version" value="17"/>
    <property name="DriverData" value="C:\Windows\System32\Drivers\DriverData"/>
  </properties>
  <testcase classname="com.TestNGRunner.TestNgRunner" name="runScenario" time="721.431"/>
</testsuite>