<?xml version="1.0" encoding="UTF-8"?>
<!-- Generated by org.testng.reporters.JUnitReportReporter -->
<testsuite hostname="QAJawwad" failures="0" tests="1" name="com.TestNGRunner.TestNgRunner" time="508.503" errors="0" timestamp="21 Nov 2024 12:47:59 GMT" skipped="0">
  <testcase classname="com.TestNGRunner.TestNgRunner" name="runScenario" time="508.503"/>
</testsuite> <!-- com.TestNGRunner.TestNgRunner -->
