<?xml version="1.0" encoding="UTF-8"?>
<!-- Generated by org.testng.reporters.JUnitReportReporter -->
<testsuite hostname="qadev" failures="0" tests="1" name="com.TestNGRunner.TestNgRunner" time="721.433" errors="0" timestamp="29 Nov 2023 14:22:32 GMT" skipped="0">
  <testcase classname="com.TestNGRunner.TestNgRunner" name="runScenario" time="721.433"/>
</testsuite> <!-- com.TestNGRunner.TestNgRunner -->
